2024-12-14T00:00:04.789+01:00 DEBUG 25392 --- [HikariPool-1 housekeeper] com.zaxxer.hikari.pool.HikariPool        : HikariPool-1 - Pool stats (total=10, active=0, idle=10, waiting=0)
2024-12-14T00:00:04.858+01:00 DEBUG 25392 --- [HikariPool-1 housekeeper] com.zaxxer.hikari.pool.HikariPool        : HikariPool-1 - Fill pool skipped, pool has sufficient level or currently being filled.
2024-12-14T00:00:34.872+01:00 DEBUG 25392 --- [HikariPool-1 housekeeper] com.zaxxer.hikari.pool.HikariPool        : HikariPool-1 - Pool stats (total=10, active=0, idle=10, waiting=0)
2024-12-14T00:00:34.873+01:00 DEBUG 25392 --- [HikariPool-1 housekeeper] com.zaxxer.hikari.pool.HikariPool        : HikariPool-1 - Fill pool skipped, pool has sufficient level or currently being filled.
2024-12-14T00:01:04.874+01:00 DEBUG 25392 --- [HikariPool-1 housekeeper] com.zaxxer.hikari.pool.HikariPool        : HikariPool-1 - Pool stats (total=10, active=0, idle=10, waiting=0)
2024-12-14T00:01:04.875+01:00 DEBUG 25392 --- [HikariPool-1 housekeeper] com.zaxxer.hikari.pool.HikariPool        : HikariPool-1 - Fill pool skipped, pool has sufficient level or currently being filled.
2024-12-14T00:01:34.885+01:00 DEBUG 25392 --- [HikariPool-1 housekeeper] com.zaxxer.hikari.pool.HikariPool        : HikariPool-1 - Pool stats (total=10, active=0, idle=10, waiting=0)
2024-12-14T00:01:34.887+01:00 DEBUG 25392 --- [HikariPool-1 housekeeper] com.zaxxer.hikari.pool.HikariPool        : HikariPool-1 - Fill pool skipped, pool has sufficient level or currently being filled.
2024-12-14T00:02:04.898+01:00 DEBUG 25392 --- [HikariPool-1 housekeeper] com.zaxxer.hikari.pool.HikariPool        : HikariPool-1 - Pool stats (total=10, active=0, idle=10, waiting=0)
2024-12-14T00:02:04.898+01:00 DEBUG 25392 --- [HikariPool-1 housekeeper] com.zaxxer.hikari.pool.HikariPool        : HikariPool-1 - Fill pool skipped, pool has sufficient level or currently being filled.
2024-12-14T00:02:34.911+01:00 DEBUG 25392 --- [HikariPool-1 housekeeper] com.zaxxer.hikari.pool.HikariPool        : HikariPool-1 - Pool stats (total=10, active=0, idle=10, waiting=0)
2024-12-14T00:02:34.911+01:00 DEBUG 25392 --- [HikariPool-1 housekeeper] com.zaxxer.hikari.pool.HikariPool        : HikariPool-1 - Fill pool skipped, pool has sufficient level or currently being filled.
2024-12-14T00:03:04.915+01:00 DEBUG 25392 --- [HikariPool-1 housekeeper] com.zaxxer.hikari.pool.HikariPool        : HikariPool-1 - Pool stats (total=10, active=0, idle=10, waiting=0)
2024-12-14T00:03:04.915+01:00 DEBUG 25392 --- [HikariPool-1 housekeeper] com.zaxxer.hikari.pool.HikariPool        : HikariPool-1 - Fill pool skipped, pool has sufficient level or currently being filled.
2024-12-14T00:03:34.917+01:00 DEBUG 25392 --- [HikariPool-1 housekeeper] com.zaxxer.hikari.pool.HikariPool        : HikariPool-1 - Pool stats (total=10, active=0, idle=10, waiting=0)
2024-12-14T00:03:34.917+01:00 DEBUG 25392 --- [HikariPool-1 housekeeper] com.zaxxer.hikari.pool.HikariPool        : HikariPool-1 - Fill pool skipped, pool has sufficient level or currently being filled.
2024-12-14T00:04:04.919+01:00 DEBUG 25392 --- [HikariPool-1 housekeeper] com.zaxxer.hikari.pool.HikariPool        : HikariPool-1 - Pool stats (total=10, active=0, idle=10, waiting=0)
2024-12-14T00:04:04.919+01:00 DEBUG 25392 --- [HikariPool-1 housekeeper] com.zaxxer.hikari.pool.HikariPool        : HikariPool-1 - Fill pool skipped, pool has sufficient level or currently being filled.
2024-12-14T00:04:34.925+01:00 DEBUG 25392 --- [HikariPool-1 housekeeper] com.zaxxer.hikari.pool.HikariPool        : HikariPool-1 - Pool stats (total=10, active=0, idle=10, waiting=0)
2024-12-14T00:04:34.928+01:00 DEBUG 25392 --- [HikariPool-1 housekeeper] com.zaxxer.hikari.pool.HikariPool        : HikariPool-1 - Fill pool skipped, pool has sufficient level or currently being filled.
2024-12-14T00:05:04.936+01:00 DEBUG 25392 --- [HikariPool-1 housekeeper] com.zaxxer.hikari.pool.HikariPool        : HikariPool-1 - Pool stats (total=10, active=0, idle=10, waiting=0)
2024-12-14T00:05:04.936+01:00 DEBUG 25392 --- [HikariPool-1 housekeeper] com.zaxxer.hikari.pool.HikariPool        : HikariPool-1 - Fill pool skipped, pool has sufficient level or currently being filled.
2024-12-14T00:05:34.942+01:00 DEBUG 25392 --- [HikariPool-1 housekeeper] com.zaxxer.hikari.pool.HikariPool        : HikariPool-1 - Pool stats (total=10, active=0, idle=10, waiting=0)
2024-12-14T00:05:34.942+01:00 DEBUG 25392 --- [HikariPool-1 housekeeper] com.zaxxer.hikari.pool.HikariPool        : HikariPool-1 - Fill pool skipped, pool has sufficient level or currently being filled.
2024-12-14T00:06:04.942+01:00 DEBUG 25392 --- [HikariPool-1 housekeeper] com.zaxxer.hikari.pool.HikariPool        : HikariPool-1 - Pool stats (total=10, active=0, idle=10, waiting=0)
2024-12-14T00:06:04.942+01:00 DEBUG 25392 --- [HikariPool-1 housekeeper] com.zaxxer.hikari.pool.HikariPool        : HikariPool-1 - Fill pool skipped, pool has sufficient level or currently being filled.
2024-12-14T00:06:34.949+01:00 DEBUG 25392 --- [HikariPool-1 housekeeper] com.zaxxer.hikari.pool.HikariPool        : HikariPool-1 - Pool stats (total=10, active=0, idle=10, waiting=0)
2024-12-14T00:06:34.949+01:00 DEBUG 25392 --- [HikariPool-1 housekeeper] com.zaxxer.hikari.pool.HikariPool        : HikariPool-1 - Fill pool skipped, pool has sufficient level or currently being filled.
2024-12-14T00:07:04.962+01:00 DEBUG 25392 --- [HikariPool-1 housekeeper] com.zaxxer.hikari.pool.HikariPool        : HikariPool-1 - Pool stats (total=10, active=0, idle=10, waiting=0)
2024-12-14T00:07:04.962+01:00 DEBUG 25392 --- [HikariPool-1 housekeeper] com.zaxxer.hikari.pool.HikariPool        : HikariPool-1 - Fill pool skipped, pool has sufficient level or currently being filled.
2024-12-14T00:07:34.972+01:00 DEBUG 25392 --- [HikariPool-1 housekeeper] com.zaxxer.hikari.pool.HikariPool        : HikariPool-1 - Pool stats (total=10, active=0, idle=10, waiting=0)
2024-12-14T00:07:34.972+01:00 DEBUG 25392 --- [HikariPool-1 housekeeper] com.zaxxer.hikari.pool.HikariPool        : HikariPool-1 - Fill pool skipped, pool has sufficient level or currently being filled.
2024-12-14T00:08:04.974+01:00 DEBUG 25392 --- [HikariPool-1 housekeeper] com.zaxxer.hikari.pool.HikariPool        : HikariPool-1 - Pool stats (total=10, active=0, idle=10, waiting=0)
2024-12-14T00:08:04.975+01:00 DEBUG 25392 --- [HikariPool-1 housekeeper] com.zaxxer.hikari.pool.HikariPool        : HikariPool-1 - Fill pool skipped, pool has sufficient level or currently being filled.
2024-12-14T00:08:34.978+01:00 DEBUG 25392 --- [HikariPool-1 housekeeper] com.zaxxer.hikari.pool.HikariPool        : HikariPool-1 - Pool stats (total=10, active=0, idle=10, waiting=0)
2024-12-14T00:08:34.978+01:00 DEBUG 25392 --- [HikariPool-1 housekeeper] com.zaxxer.hikari.pool.HikariPool        : HikariPool-1 - Fill pool skipped, pool has sufficient level or currently being filled.
2024-12-14T00:09:04.992+01:00 DEBUG 25392 --- [HikariPool-1 housekeeper] com.zaxxer.hikari.pool.HikariPool        : HikariPool-1 - Pool stats (total=10, active=0, idle=10, waiting=0)
2024-12-14T00:09:04.992+01:00 DEBUG 25392 --- [HikariPool-1 housekeeper] com.zaxxer.hikari.pool.HikariPool        : HikariPool-1 - Fill pool skipped, pool has sufficient level or currently being filled.
2024-12-14T00:09:34.993+01:00 DEBUG 25392 --- [HikariPool-1 housekeeper] com.zaxxer.hikari.pool.HikariPool        : HikariPool-1 - Pool stats (total=10, active=0, idle=10, waiting=0)
2024-12-14T00:09:34.994+01:00 DEBUG 25392 --- [HikariPool-1 housekeeper] com.zaxxer.hikari.pool.HikariPool        : HikariPool-1 - Fill pool skipped, pool has sufficient level or currently being filled.
2024-12-14T00:10:05.008+01:00 DEBUG 25392 --- [HikariPool-1 housekeeper] com.zaxxer.hikari.pool.HikariPool        : HikariPool-1 - Pool stats (total=10, active=0, idle=10, waiting=0)
2024-12-14T00:10:05.008+01:00 DEBUG 25392 --- [HikariPool-1 housekeeper] com.zaxxer.hikari.pool.HikariPool        : HikariPool-1 - Fill pool skipped, pool has sufficient level or currently being filled.
2024-12-14T00:10:35.017+01:00 DEBUG 25392 --- [HikariPool-1 housekeeper] com.zaxxer.hikari.pool.HikariPool        : HikariPool-1 - Pool stats (total=10, active=0, idle=10, waiting=0)
2024-12-14T00:10:35.017+01:00 DEBUG 25392 --- [HikariPool-1 housekeeper] com.zaxxer.hikari.pool.HikariPool        : HikariPool-1 - Fill pool skipped, pool has sufficient level or currently being filled.
2024-12-14T00:11:05.028+01:00 DEBUG 25392 --- [HikariPool-1 housekeeper] com.zaxxer.hikari.pool.HikariPool        : HikariPool-1 - Pool stats (total=10, active=0, idle=10, waiting=0)
2024-12-14T00:11:05.028+01:00 DEBUG 25392 --- [HikariPool-1 housekeeper] com.zaxxer.hikari.pool.HikariPool        : HikariPool-1 - Fill pool skipped, pool has sufficient level or currently being filled.
2024-12-14T00:11:35.038+01:00 DEBUG 25392 --- [HikariPool-1 housekeeper] com.zaxxer.hikari.pool.HikariPool        : HikariPool-1 - Pool stats (total=10, active=0, idle=10, waiting=0)
2024-12-14T00:11:35.038+01:00 DEBUG 25392 --- [HikariPool-1 housekeeper] com.zaxxer.hikari.pool.HikariPool        : HikariPool-1 - Fill pool skipped, pool has sufficient level or currently being filled.
2024-12-14T00:12:05.047+01:00 DEBUG 25392 --- [HikariPool-1 housekeeper] com.zaxxer.hikari.pool.HikariPool        : HikariPool-1 - Pool stats (total=10, active=0, idle=10, waiting=0)
2024-12-14T00:12:05.047+01:00 DEBUG 25392 --- [HikariPool-1 housekeeper] com.zaxxer.hikari.pool.HikariPool        : HikariPool-1 - Fill pool skipped, pool has sufficient level or currently being filled.
2024-12-14T00:12:35.061+01:00 DEBUG 25392 --- [HikariPool-1 housekeeper] com.zaxxer.hikari.pool.HikariPool        : HikariPool-1 - Pool stats (total=10, active=0, idle=10, waiting=0)
2024-12-14T00:12:35.061+01:00 DEBUG 25392 --- [HikariPool-1 housekeeper] com.zaxxer.hikari.pool.HikariPool        : HikariPool-1 - Fill pool skipped, pool has sufficient level or currently being filled.
2024-12-14T00:13:05.072+01:00 DEBUG 25392 --- [HikariPool-1 housekeeper] com.zaxxer.hikari.pool.HikariPool        : HikariPool-1 - Pool stats (total=10, active=0, idle=10, waiting=0)
2024-12-14T00:13:05.073+01:00 DEBUG 25392 --- [HikariPool-1 housekeeper] com.zaxxer.hikari.pool.HikariPool        : HikariPool-1 - Fill pool skipped, pool has sufficient level or currently being filled.
2024-12-14T00:13:35.073+01:00 DEBUG 25392 --- [HikariPool-1 housekeeper] com.zaxxer.hikari.pool.HikariPool        : HikariPool-1 - Pool stats (total=10, active=0, idle=10, waiting=0)
2024-12-14T00:13:35.073+01:00 DEBUG 25392 --- [HikariPool-1 housekeeper] com.zaxxer.hikari.pool.HikariPool        : HikariPool-1 - Fill pool skipped, pool has sufficient level or currently being filled.
2024-12-14T00:14:05.084+01:00 DEBUG 25392 --- [HikariPool-1 housekeeper] com.zaxxer.hikari.pool.HikariPool        : HikariPool-1 - Pool stats (total=10, active=0, idle=10, waiting=0)
2024-12-14T00:14:05.085+01:00 DEBUG 25392 --- [HikariPool-1 housekeeper] com.zaxxer.hikari.pool.HikariPool        : HikariPool-1 - Fill pool skipped, pool has sufficient level or currently being filled.
2024-12-14T00:14:35.097+01:00 DEBUG 25392 --- [HikariPool-1 housekeeper] com.zaxxer.hikari.pool.HikariPool        : HikariPool-1 - Pool stats (total=10, active=0, idle=10, waiting=0)
2024-12-14T00:14:35.097+01:00 DEBUG 25392 --- [HikariPool-1 housekeeper] com.zaxxer.hikari.pool.HikariPool        : HikariPool-1 - Fill pool skipped, pool has sufficient level or currently being filled.
2024-12-14T00:15:05.103+01:00 DEBUG 25392 --- [HikariPool-1 housekeeper] com.zaxxer.hikari.pool.HikariPool        : HikariPool-1 - Pool stats (total=10, active=0, idle=10, waiting=0)
2024-12-14T00:15:05.103+01:00 DEBUG 25392 --- [HikariPool-1 housekeeper] com.zaxxer.hikari.pool.HikariPool        : HikariPool-1 - Fill pool skipped, pool has sufficient level or currently being filled.
2024-12-14T00:15:35.116+01:00 DEBUG 25392 --- [HikariPool-1 housekeeper] com.zaxxer.hikari.pool.HikariPool        : HikariPool-1 - Pool stats (total=10, active=0, idle=10, waiting=0)
2024-12-14T00:15:35.116+01:00 DEBUG 25392 --- [HikariPool-1 housekeeper] com.zaxxer.hikari.pool.HikariPool        : HikariPool-1 - Fill pool skipped, pool has sufficient level or currently being filled.
2024-12-14T00:16:05.118+01:00 DEBUG 25392 --- [HikariPool-1 housekeeper] com.zaxxer.hikari.pool.HikariPool        : HikariPool-1 - Pool stats (total=10, active=0, idle=10, waiting=0)
2024-12-14T00:16:05.119+01:00 DEBUG 25392 --- [HikariPool-1 housekeeper] com.zaxxer.hikari.pool.HikariPool        : HikariPool-1 - Fill pool skipped, pool has sufficient level or currently being filled.
2024-12-14T00:16:10.268+01:00 DEBUG 25392 --- [HikariPool-1 connection closer] com.zaxxer.hikari.pool.PoolBase          : HikariPool-1 - Closing connection com.mysql.cj.jdbc.ConnectionImpl@66f49436: (connection has passed maxLifetime)
2024-12-14T00:16:10.280+01:00 DEBUG 25392 --- [HikariPool-1 connection adder] jdk.event.security                       : X509Certificate: Alg:SHA256withRSA, Serial:2, Subject:CN=MySQL_Server_5.7.44_Auto_Generated_Server_Certificate, Issuer:CN=MySQL_Server_5.7.44_Auto_Generated_CA_Certificate, Key type:RSA, Length:2048, Cert Id:-157703757, Valid from:15.04.2024, 17:54, Valid until:13.04.2034, 17:54
2024-12-14T00:16:10.280+01:00 DEBUG 25392 --- [HikariPool-1 connection adder] jdk.event.security                       : X509Certificate: Alg:SHA256withRSA, Serial:1, Subject:CN=MySQL_Server_5.7.44_Auto_Generated_CA_Certificate, Issuer:CN=MySQL_Server_5.7.44_Auto_Generated_CA_Certificate, Key type:RSA, Length:2048, Cert Id:272761709, Valid from:15.04.2024, 17:54, Valid until:13.04.2034, 17:54
2024-12-14T00:16:10.284+01:00 DEBUG 25392 --- [HikariPool-1 connection adder] jdk.event.security                       :  TLSHandshake: localhost:3306, TLSv1.2, TLS_ECDHE_RSA_WITH_AES_256_GCM_SHA384, -157703757
2024-12-14T00:16:10.289+01:00 DEBUG 25392 --- [HikariPool-1 connection adder] com.zaxxer.hikari.pool.HikariPool        : HikariPool-1 - Added connection com.mysql.cj.jdbc.ConnectionImpl@159ce441
2024-12-14T00:16:10.325+01:00 DEBUG 25392 --- [HikariPool-1 connection adder] com.zaxxer.hikari.pool.HikariPool        : HikariPool-1 - Connection not added, stats (total=10, active=0, idle=10, waiting=0)
2024-12-14T00:16:35.126+01:00 DEBUG 25392 --- [HikariPool-1 housekeeper] com.zaxxer.hikari.pool.HikariPool        : HikariPool-1 - Pool stats (total=10, active=0, idle=10, waiting=0)
2024-12-14T00:16:35.126+01:00 DEBUG 25392 --- [HikariPool-1 housekeeper] com.zaxxer.hikari.pool.HikariPool        : HikariPool-1 - Fill pool skipped, pool has sufficient level or currently being filled.
2024-12-14T00:16:41.928+01:00 DEBUG 25392 --- [HikariPool-1 connection closer] com.zaxxer.hikari.pool.PoolBase          : HikariPool-1 - Closing connection com.mysql.cj.jdbc.ConnectionImpl@2d448a73: (connection has passed maxLifetime)
2024-12-14T00:16:41.938+01:00 DEBUG 25392 --- [HikariPool-1 connection adder] jdk.event.security                       : X509Certificate: Alg:SHA256withRSA, Serial:2, Subject:CN=MySQL_Server_5.7.44_Auto_Generated_Server_Certificate, Issuer:CN=MySQL_Server_5.7.44_Auto_Generated_CA_Certificate, Key type:RSA, Length:2048, Cert Id:-157703757, Valid from:15.04.2024, 17:54, Valid until:13.04.2034, 17:54
2024-12-14T00:16:41.939+01:00 DEBUG 25392 --- [HikariPool-1 connection adder] jdk.event.security                       : X509Certificate: Alg:SHA256withRSA, Serial:1, Subject:CN=MySQL_Server_5.7.44_Auto_Generated_CA_Certificate, Issuer:CN=MySQL_Server_5.7.44_Auto_Generated_CA_Certificate, Key type:RSA, Length:2048, Cert Id:272761709, Valid from:15.04.2024, 17:54, Valid until:13.04.2034, 17:54
2024-12-14T00:16:41.943+01:00 DEBUG 25392 --- [HikariPool-1 connection adder] jdk.event.security                       :  TLSHandshake: localhost:3306, TLSv1.2, TLS_ECDHE_RSA_WITH_AES_256_GCM_SHA384, -157703757
2024-12-14T00:16:41.950+01:00 DEBUG 25392 --- [HikariPool-1 connection adder] com.zaxxer.hikari.pool.HikariPool        : HikariPool-1 - Added connection com.mysql.cj.jdbc.ConnectionImpl@d7ef299
2024-12-14T00:16:41.989+01:00 DEBUG 25392 --- [HikariPool-1 connection adder] com.zaxxer.hikari.pool.HikariPool        : HikariPool-1 - Connection not added, stats (total=10, active=0, idle=10, waiting=0)
2024-12-14T00:16:55.680+01:00 DEBUG 25392 --- [HikariPool-1 connection closer] com.zaxxer.hikari.pool.PoolBase          : HikariPool-1 - Closing connection com.mysql.cj.jdbc.ConnectionImpl@7f1fcb2d: (connection has passed maxLifetime)
2024-12-14T00:16:55.686+01:00 DEBUG 25392 --- [HikariPool-1 connection adder] jdk.event.security                       : X509Certificate: Alg:SHA256withRSA, Serial:2, Subject:CN=MySQL_Server_5.7.44_Auto_Generated_Server_Certificate, Issuer:CN=MySQL_Server_5.7.44_Auto_Generated_CA_Certificate, Key type:RSA, Length:2048, Cert Id:-157703757, Valid from:15.04.2024, 17:54, Valid until:13.04.2034, 17:54
2024-12-14T00:16:55.686+01:00 DEBUG 25392 --- [HikariPool-1 connection adder] jdk.event.security                       : X509Certificate: Alg:SHA256withRSA, Serial:1, Subject:CN=MySQL_Server_5.7.44_Auto_Generated_CA_Certificate, Issuer:CN=MySQL_Server_5.7.44_Auto_Generated_CA_Certificate, Key type:RSA, Length:2048, Cert Id:272761709, Valid from:15.04.2024, 17:54, Valid until:13.04.2034, 17:54
2024-12-14T00:16:55.688+01:00 DEBUG 25392 --- [HikariPool-1 connection adder] jdk.event.security                       :  TLSHandshake: localhost:3306, TLSv1.2, TLS_ECDHE_RSA_WITH_AES_256_GCM_SHA384, -157703757
2024-12-14T00:16:55.692+01:00 DEBUG 25392 --- [HikariPool-1 connection adder] com.zaxxer.hikari.pool.HikariPool        : HikariPool-1 - Added connection com.mysql.cj.jdbc.ConnectionImpl@449ba2f6
2024-12-14T00:16:55.724+01:00 DEBUG 25392 --- [HikariPool-1 connection adder] com.zaxxer.hikari.pool.HikariPool        : HikariPool-1 - Connection not added, stats (total=10, active=0, idle=10, waiting=0)
2024-12-14T00:17:02.477+01:00 DEBUG 25392 --- [HikariPool-1 connection closer] com.zaxxer.hikari.pool.PoolBase          : HikariPool-1 - Closing connection com.mysql.cj.jdbc.ConnectionImpl@44a73afb: (connection has passed maxLifetime)
2024-12-14T00:17:02.487+01:00 DEBUG 25392 --- [HikariPool-1 connection adder] jdk.event.security                       : X509Certificate: Alg:SHA256withRSA, Serial:2, Subject:CN=MySQL_Server_5.7.44_Auto_Generated_Server_Certificate, Issuer:CN=MySQL_Server_5.7.44_Auto_Generated_CA_Certificate, Key type:RSA, Length:2048, Cert Id:-157703757, Valid from:15.04.2024, 17:54, Valid until:13.04.2034, 17:54
2024-12-14T00:17:02.488+01:00 DEBUG 25392 --- [HikariPool-1 connection adder] jdk.event.security                       : X509Certificate: Alg:SHA256withRSA, Serial:1, Subject:CN=MySQL_Server_5.7.44_Auto_Generated_CA_Certificate, Issuer:CN=MySQL_Server_5.7.44_Auto_Generated_CA_Certificate, Key type:RSA, Length:2048, Cert Id:272761709, Valid from:15.04.2024, 17:54, Valid until:13.04.2034, 17:54
2024-12-14T00:17:02.489+01:00 DEBUG 25392 --- [HikariPool-1 connection adder] jdk.event.security                       :  TLSHandshake: localhost:3306, TLSv1.2, TLS_ECDHE_RSA_WITH_AES_256_GCM_SHA384, -157703757
2024-12-14T00:17:02.494+01:00 DEBUG 25392 --- [HikariPool-1 connection adder] com.zaxxer.hikari.pool.HikariPool        : HikariPool-1 - Added connection com.mysql.cj.jdbc.ConnectionImpl@4ccfe7f8
2024-12-14T00:17:02.536+01:00 DEBUG 25392 --- [HikariPool-1 connection adder] com.zaxxer.hikari.pool.HikariPool        : HikariPool-1 - Connection not added, stats (total=10, active=0, idle=10, waiting=0)
2024-12-14T00:17:05.130+01:00 DEBUG 25392 --- [HikariPool-1 housekeeper] com.zaxxer.hikari.pool.HikariPool        : HikariPool-1 - Pool stats (total=10, active=0, idle=10, waiting=0)
2024-12-14T00:17:05.130+01:00 DEBUG 25392 --- [HikariPool-1 housekeeper] com.zaxxer.hikari.pool.HikariPool        : HikariPool-1 - Fill pool skipped, pool has sufficient level or currently being filled.
2024-12-14T00:17:29.375+01:00 DEBUG 25392 --- [HikariPool-1 connection closer] com.zaxxer.hikari.pool.PoolBase          : HikariPool-1 - Closing connection com.mysql.cj.jdbc.ConnectionImpl@59a30c0: (connection has passed maxLifetime)
2024-12-14T00:17:29.383+01:00 DEBUG 25392 --- [HikariPool-1 connection adder] jdk.event.security                       : X509Certificate: Alg:SHA256withRSA, Serial:2, Subject:CN=MySQL_Server_5.7.44_Auto_Generated_Server_Certificate, Issuer:CN=MySQL_Server_5.7.44_Auto_Generated_CA_Certificate, Key type:RSA, Length:2048, Cert Id:-157703757, Valid from:15.04.2024, 17:54, Valid until:13.04.2034, 17:54
2024-12-14T00:17:29.383+01:00 DEBUG 25392 --- [HikariPool-1 connection adder] jdk.event.security                       : X509Certificate: Alg:SHA256withRSA, Serial:1, Subject:CN=MySQL_Server_5.7.44_Auto_Generated_CA_Certificate, Issuer:CN=MySQL_Server_5.7.44_Auto_Generated_CA_Certificate, Key type:RSA, Length:2048, Cert Id:272761709, Valid from:15.04.2024, 17:54, Valid until:13.04.2034, 17:54
2024-12-14T00:17:29.385+01:00 DEBUG 25392 --- [HikariPool-1 connection adder] jdk.event.security                       :  TLSHandshake: localhost:3306, TLSv1.2, TLS_ECDHE_RSA_WITH_AES_256_GCM_SHA384, -157703757
2024-12-14T00:17:29.390+01:00 DEBUG 25392 --- [HikariPool-1 connection adder] com.zaxxer.hikari.pool.HikariPool        : HikariPool-1 - Added connection com.mysql.cj.jdbc.ConnectionImpl@5e17c401
2024-12-14T00:17:29.421+01:00 DEBUG 25392 --- [HikariPool-1 connection adder] com.zaxxer.hikari.pool.HikariPool        : HikariPool-1 - Connection not added, stats (total=10, active=0, idle=10, waiting=0)
2024-12-14T00:17:35.141+01:00 DEBUG 25392 --- [HikariPool-1 housekeeper] com.zaxxer.hikari.pool.HikariPool        : HikariPool-1 - Pool stats (total=10, active=0, idle=10, waiting=0)
2024-12-14T00:17:35.141+01:00 DEBUG 25392 --- [HikariPool-1 housekeeper] com.zaxxer.hikari.pool.HikariPool        : HikariPool-1 - Fill pool skipped, pool has sufficient level or currently being filled.
2024-12-14T00:18:04.019+01:00 DEBUG 25392 --- [HikariPool-1 connection closer] com.zaxxer.hikari.pool.PoolBase          : HikariPool-1 - Closing connection com.mysql.cj.jdbc.ConnectionImpl@5a0a0de7: (connection has passed maxLifetime)
2024-12-14T00:18:04.026+01:00 DEBUG 25392 --- [HikariPool-1 connection adder] jdk.event.security                       : X509Certificate: Alg:SHA256withRSA, Serial:2, Subject:CN=MySQL_Server_5.7.44_Auto_Generated_Server_Certificate, Issuer:CN=MySQL_Server_5.7.44_Auto_Generated_CA_Certificate, Key type:RSA, Length:2048, Cert Id:-157703757, Valid from:15.04.2024, 17:54, Valid until:13.04.2034, 17:54
2024-12-14T00:18:04.028+01:00 DEBUG 25392 --- [HikariPool-1 connection adder] jdk.event.security                       : X509Certificate: Alg:SHA256withRSA, Serial:1, Subject:CN=MySQL_Server_5.7.44_Auto_Generated_CA_Certificate, Issuer:CN=MySQL_Server_5.7.44_Auto_Generated_CA_Certificate, Key type:RSA, Length:2048, Cert Id:272761709, Valid from:15.04.2024, 17:54, Valid until:13.04.2034, 17:54
2024-12-14T00:18:04.031+01:00 DEBUG 25392 --- [HikariPool-1 connection adder] jdk.event.security                       :  TLSHandshake: localhost:3306, TLSv1.2, TLS_ECDHE_RSA_WITH_AES_256_GCM_SHA384, -157703757
2024-12-14T00:18:04.036+01:00 DEBUG 25392 --- [HikariPool-1 connection adder] com.zaxxer.hikari.pool.HikariPool        : HikariPool-1 - Added connection com.mysql.cj.jdbc.ConnectionImpl@5e0e6a55
2024-12-14T00:18:04.080+01:00 DEBUG 25392 --- [HikariPool-1 connection adder] com.zaxxer.hikari.pool.HikariPool        : HikariPool-1 - Connection not added, stats (total=10, active=0, idle=10, waiting=0)
2024-12-14T00:18:05.156+01:00 DEBUG 25392 --- [HikariPool-1 housekeeper] com.zaxxer.hikari.pool.HikariPool        : HikariPool-1 - Pool stats (total=10, active=0, idle=10, waiting=0)
2024-12-14T00:18:05.156+01:00 DEBUG 25392 --- [HikariPool-1 housekeeper] com.zaxxer.hikari.pool.HikariPool        : HikariPool-1 - Fill pool skipped, pool has sufficient level or currently being filled.
2024-12-14T00:18:09.216+01:00 DEBUG 25392 --- [HikariPool-1 connection closer] com.zaxxer.hikari.pool.PoolBase          : HikariPool-1 - Closing connection com.mysql.cj.jdbc.ConnectionImpl@1b76672c: (connection has passed maxLifetime)
2024-12-14T00:18:09.225+01:00 DEBUG 25392 --- [HikariPool-1 connection adder] jdk.event.security                       : X509Certificate: Alg:SHA256withRSA, Serial:2, Subject:CN=MySQL_Server_5.7.44_Auto_Generated_Server_Certificate, Issuer:CN=MySQL_Server_5.7.44_Auto_Generated_CA_Certificate, Key type:RSA, Length:2048, Cert Id:-157703757, Valid from:15.04.2024, 17:54, Valid until:13.04.2034, 17:54
2024-12-14T00:18:09.225+01:00 DEBUG 25392 --- [HikariPool-1 connection adder] jdk.event.security                       : X509Certificate: Alg:SHA256withRSA, Serial:1, Subject:CN=MySQL_Server_5.7.44_Auto_Generated_CA_Certificate, Issuer:CN=MySQL_Server_5.7.44_Auto_Generated_CA_Certificate, Key type:RSA, Length:2048, Cert Id:272761709, Valid from:15.04.2024, 17:54, Valid until:13.04.2034, 17:54
2024-12-14T00:18:09.228+01:00 DEBUG 25392 --- [HikariPool-1 connection adder] jdk.event.security                       :  TLSHandshake: localhost:3306, TLSv1.2, TLS_ECDHE_RSA_WITH_AES_256_GCM_SHA384, -157703757
2024-12-14T00:18:09.234+01:00 DEBUG 25392 --- [HikariPool-1 connection adder] com.zaxxer.hikari.pool.HikariPool        : HikariPool-1 - Added connection com.mysql.cj.jdbc.ConnectionImpl@669caaf8
2024-12-14T00:18:09.276+01:00 DEBUG 25392 --- [HikariPool-1 connection adder] com.zaxxer.hikari.pool.HikariPool        : HikariPool-1 - Connection not added, stats (total=10, active=0, idle=10, waiting=0)
2024-12-14T00:18:20.225+01:00 DEBUG 25392 --- [HikariPool-1 connection closer] com.zaxxer.hikari.pool.PoolBase          : HikariPool-1 - Closing connection com.mysql.cj.jdbc.ConnectionImpl@62ec472d: (connection has passed maxLifetime)
2024-12-14T00:18:20.233+01:00 DEBUG 25392 --- [HikariPool-1 connection adder] jdk.event.security                       : X509Certificate: Alg:SHA256withRSA, Serial:2, Subject:CN=MySQL_Server_5.7.44_Auto_Generated_Server_Certificate, Issuer:CN=MySQL_Server_5.7.44_Auto_Generated_CA_Certificate, Key type:RSA, Length:2048, Cert Id:-157703757, Valid from:15.04.2024, 17:54, Valid until:13.04.2034, 17:54
2024-12-14T00:18:20.233+01:00 DEBUG 25392 --- [HikariPool-1 connection adder] jdk.event.security                       : X509Certificate: Alg:SHA256withRSA, Serial:1, Subject:CN=MySQL_Server_5.7.44_Auto_Generated_CA_Certificate, Issuer:CN=MySQL_Server_5.7.44_Auto_Generated_CA_Certificate, Key type:RSA, Length:2048, Cert Id:272761709, Valid from:15.04.2024, 17:54, Valid until:13.04.2034, 17:54
2024-12-14T00:18:20.236+01:00 DEBUG 25392 --- [HikariPool-1 connection adder] jdk.event.security                       :  TLSHandshake: localhost:3306, TLSv1.2, TLS_ECDHE_RSA_WITH_AES_256_GCM_SHA384, -157703757
2024-12-14T00:18:20.240+01:00 DEBUG 25392 --- [HikariPool-1 connection adder] com.zaxxer.hikari.pool.HikariPool        : HikariPool-1 - Added connection com.mysql.cj.jdbc.ConnectionImpl@373ada1c
2024-12-14T00:18:20.284+01:00 DEBUG 25392 --- [HikariPool-1 connection adder] com.zaxxer.hikari.pool.HikariPool        : HikariPool-1 - Connection not added, stats (total=10, active=0, idle=10, waiting=0)
2024-12-14T00:18:35.169+01:00 DEBUG 25392 --- [HikariPool-1 housekeeper] com.zaxxer.hikari.pool.HikariPool        : HikariPool-1 - Pool stats (total=10, active=0, idle=10, waiting=0)
2024-12-14T00:18:35.169+01:00 DEBUG 25392 --- [HikariPool-1 housekeeper] com.zaxxer.hikari.pool.HikariPool        : HikariPool-1 - Fill pool skipped, pool has sufficient level or currently being filled.
2024-12-14T00:19:05.181+01:00 DEBUG 25392 --- [HikariPool-1 housekeeper] com.zaxxer.hikari.pool.HikariPool        : HikariPool-1 - Pool stats (total=10, active=0, idle=10, waiting=0)
2024-12-14T00:19:05.181+01:00 DEBUG 25392 --- [HikariPool-1 housekeeper] com.zaxxer.hikari.pool.HikariPool        : HikariPool-1 - Fill pool skipped, pool has sufficient level or currently being filled.
2024-12-14T00:19:35.185+01:00 DEBUG 25392 --- [HikariPool-1 housekeeper] com.zaxxer.hikari.pool.HikariPool        : HikariPool-1 - Pool stats (total=10, active=0, idle=10, waiting=0)
2024-12-14T00:19:35.185+01:00 DEBUG 25392 --- [HikariPool-1 housekeeper] com.zaxxer.hikari.pool.HikariPool        : HikariPool-1 - Fill pool skipped, pool has sufficient level or currently being filled.
2024-12-14T00:19:41.399+01:00 DEBUG 25392 --- [HikariPool-1 connection closer] com.zaxxer.hikari.pool.PoolBase          : HikariPool-1 - Closing connection com.mysql.cj.jdbc.ConnectionImpl@7c67c462: (connection has passed maxLifetime)
2024-12-14T00:19:41.407+01:00 DEBUG 25392 --- [HikariPool-1 connection adder] jdk.event.security                       : X509Certificate: Alg:SHA256withRSA, Serial:2, Subject:CN=MySQL_Server_5.7.44_Auto_Generated_Server_Certificate, Issuer:CN=MySQL_Server_5.7.44_Auto_Generated_CA_Certificate, Key type:RSA, Length:2048, Cert Id:-157703757, Valid from:15.04.2024, 17:54, Valid until:13.04.2034, 17:54
2024-12-14T00:19:41.407+01:00 DEBUG 25392 --- [HikariPool-1 connection adder] jdk.event.security                       : X509Certificate: Alg:SHA256withRSA, Serial:1, Subject:CN=MySQL_Server_5.7.44_Auto_Generated_CA_Certificate, Issuer:CN=MySQL_Server_5.7.44_Auto_Generated_CA_Certificate, Key type:RSA, Length:2048, Cert Id:272761709, Valid from:15.04.2024, 17:54, Valid until:13.04.2034, 17:54
2024-12-14T00:19:41.409+01:00 DEBUG 25392 --- [HikariPool-1 connection adder] jdk.event.security                       :  TLSHandshake: localhost:3306, TLSv1.2, TLS_ECDHE_RSA_WITH_AES_256_GCM_SHA384, -157703757
2024-12-14T00:19:41.413+01:00 DEBUG 25392 --- [HikariPool-1 connection adder] com.zaxxer.hikari.pool.HikariPool        : HikariPool-1 - Added connection com.mysql.cj.jdbc.ConnectionImpl@5d38b20a
2024-12-14T00:19:41.446+01:00 DEBUG 25392 --- [HikariPool-1 connection adder] com.zaxxer.hikari.pool.HikariPool        : HikariPool-1 - Connection not added, stats (total=10, active=0, idle=10, waiting=0)
2024-12-14T00:20:05.197+01:00 DEBUG 25392 --- [HikariPool-1 housekeeper] com.zaxxer.hikari.pool.HikariPool        : HikariPool-1 - Pool stats (total=10, active=0, idle=10, waiting=0)
2024-12-14T00:20:05.197+01:00 DEBUG 25392 --- [HikariPool-1 housekeeper] com.zaxxer.hikari.pool.HikariPool        : HikariPool-1 - Fill pool skipped, pool has sufficient level or currently being filled.
2024-12-14T00:20:06.898+01:00 DEBUG 25392 --- [HikariPool-1 connection closer] com.zaxxer.hikari.pool.PoolBase          : HikariPool-1 - Closing connection com.mysql.cj.jdbc.ConnectionImpl@67d22e56: (connection has passed maxLifetime)
2024-12-14T00:20:06.908+01:00 DEBUG 25392 --- [HikariPool-1 connection adder] jdk.event.security                       : X509Certificate: Alg:SHA256withRSA, Serial:2, Subject:CN=MySQL_Server_5.7.44_Auto_Generated_Server_Certificate, Issuer:CN=MySQL_Server_5.7.44_Auto_Generated_CA_Certificate, Key type:RSA, Length:2048, Cert Id:-157703757, Valid from:15.04.2024, 17:54, Valid until:13.04.2034, 17:54
2024-12-14T00:20:06.909+01:00 DEBUG 25392 --- [HikariPool-1 connection adder] jdk.event.security                       : X509Certificate: Alg:SHA256withRSA, Serial:1, Subject:CN=MySQL_Server_5.7.44_Auto_Generated_CA_Certificate, Issuer:CN=MySQL_Server_5.7.44_Auto_Generated_CA_Certificate, Key type:RSA, Length:2048, Cert Id:272761709, Valid from:15.04.2024, 17:54, Valid until:13.04.2034, 17:54
2024-12-14T00:20:06.913+01:00 DEBUG 25392 --- [HikariPool-1 connection adder] jdk.event.security                       :  TLSHandshake: localhost:3306, TLSv1.2, TLS_ECDHE_RSA_WITH_AES_256_GCM_SHA384, -157703757
2024-12-14T00:20:06.920+01:00 DEBUG 25392 --- [HikariPool-1 connection adder] com.zaxxer.hikari.pool.HikariPool        : HikariPool-1 - Added connection com.mysql.cj.jdbc.ConnectionImpl@c360e98
2024-12-14T00:20:06.958+01:00 DEBUG 25392 --- [HikariPool-1 connection adder] com.zaxxer.hikari.pool.HikariPool        : HikariPool-1 - Connection not added, stats (total=10, active=0, idle=10, waiting=0)
2024-12-14T00:20:35.201+01:00 DEBUG 25392 --- [HikariPool-1 housekeeper] com.zaxxer.hikari.pool.HikariPool        : HikariPool-1 - Pool stats (total=10, active=0, idle=10, waiting=0)
2024-12-14T00:20:35.201+01:00 DEBUG 25392 --- [HikariPool-1 housekeeper] com.zaxxer.hikari.pool.HikariPool        : HikariPool-1 - Fill pool skipped, pool has sufficient level or currently being filled.
2024-12-14T00:21:05.207+01:00 DEBUG 25392 --- [HikariPool-1 housekeeper] com.zaxxer.hikari.pool.HikariPool        : HikariPool-1 - Pool stats (total=10, active=0, idle=10, waiting=0)
2024-12-14T00:21:05.207+01:00 DEBUG 25392 --- [HikariPool-1 housekeeper] com.zaxxer.hikari.pool.HikariPool        : HikariPool-1 - Fill pool skipped, pool has sufficient level or currently being filled.
2024-12-14T00:21:35.220+01:00 DEBUG 25392 --- [HikariPool-1 housekeeper] com.zaxxer.hikari.pool.HikariPool        : HikariPool-1 - Pool stats (total=10, active=0, idle=10, waiting=0)
2024-12-14T00:21:35.220+01:00 DEBUG 25392 --- [HikariPool-1 housekeeper] com.zaxxer.hikari.pool.HikariPool        : HikariPool-1 - Fill pool skipped, pool has sufficient level or currently being filled.
2024-12-14T00:22:05.234+01:00 DEBUG 25392 --- [HikariPool-1 housekeeper] com.zaxxer.hikari.pool.HikariPool        : HikariPool-1 - Pool stats (total=10, active=0, idle=10, waiting=0)
2024-12-14T00:22:05.234+01:00 DEBUG 25392 --- [HikariPool-1 housekeeper] com.zaxxer.hikari.pool.HikariPool        : HikariPool-1 - Fill pool skipped, pool has sufficient level or currently being filled.
2024-12-14T00:22:35.235+01:00 DEBUG 25392 --- [HikariPool-1 housekeeper] com.zaxxer.hikari.pool.HikariPool        : HikariPool-1 - Pool stats (total=10, active=0, idle=10, waiting=0)
2024-12-14T00:22:35.235+01:00 DEBUG 25392 --- [HikariPool-1 housekeeper] com.zaxxer.hikari.pool.HikariPool        : HikariPool-1 - Fill pool skipped, pool has sufficient level or currently being filled.
2024-12-14T00:23:05.239+01:00 DEBUG 25392 --- [HikariPool-1 housekeeper] com.zaxxer.hikari.pool.HikariPool        : HikariPool-1 - Pool stats (total=10, active=0, idle=10, waiting=0)
2024-12-14T00:23:05.239+01:00 DEBUG 25392 --- [HikariPool-1 housekeeper] com.zaxxer.hikari.pool.HikariPool        : HikariPool-1 - Fill pool skipped, pool has sufficient level or currently being filled.
2024-12-14T00:23:35.247+01:00 DEBUG 25392 --- [HikariPool-1 housekeeper] com.zaxxer.hikari.pool.HikariPool        : HikariPool-1 - Pool stats (total=10, active=0, idle=10, waiting=0)
2024-12-14T00:23:35.247+01:00 DEBUG 25392 --- [HikariPool-1 housekeeper] com.zaxxer.hikari.pool.HikariPool        : HikariPool-1 - Fill pool skipped, pool has sufficient level or currently being filled.
2024-12-14T00:24:05.257+01:00 DEBUG 25392 --- [HikariPool-1 housekeeper] com.zaxxer.hikari.pool.HikariPool        : HikariPool-1 - Pool stats (total=10, active=0, idle=10, waiting=0)
2024-12-14T00:24:05.257+01:00 DEBUG 25392 --- [HikariPool-1 housekeeper] com.zaxxer.hikari.pool.HikariPool        : HikariPool-1 - Fill pool skipped, pool has sufficient level or currently being filled.
2024-12-14T00:24:35.272+01:00 DEBUG 25392 --- [HikariPool-1 housekeeper] com.zaxxer.hikari.pool.HikariPool        : HikariPool-1 - Pool stats (total=10, active=0, idle=10, waiting=0)
2024-12-14T00:24:35.272+01:00 DEBUG 25392 --- [HikariPool-1 housekeeper] com.zaxxer.hikari.pool.HikariPool        : HikariPool-1 - Fill pool skipped, pool has sufficient level or currently being filled.
2024-12-14T00:25:05.279+01:00 DEBUG 25392 --- [HikariPool-1 housekeeper] com.zaxxer.hikari.pool.HikariPool        : HikariPool-1 - Pool stats (total=10, active=0, idle=10, waiting=0)
2024-12-14T00:25:05.279+01:00 DEBUG 25392 --- [HikariPool-1 housekeeper] com.zaxxer.hikari.pool.HikariPool        : HikariPool-1 - Fill pool skipped, pool has sufficient level or currently being filled.
2024-12-14T00:25:35.280+01:00 DEBUG 25392 --- [HikariPool-1 housekeeper] com.zaxxer.hikari.pool.HikariPool        : HikariPool-1 - Pool stats (total=10, active=0, idle=10, waiting=0)
2024-12-14T00:25:35.280+01:00 DEBUG 25392 --- [HikariPool-1 housekeeper] com.zaxxer.hikari.pool.HikariPool        : HikariPool-1 - Fill pool skipped, pool has sufficient level or currently being filled.
2024-12-14T00:26:05.285+01:00 DEBUG 25392 --- [HikariPool-1 housekeeper] com.zaxxer.hikari.pool.HikariPool        : HikariPool-1 - Pool stats (total=10, active=0, idle=10, waiting=0)
2024-12-14T00:26:05.285+01:00 DEBUG 25392 --- [HikariPool-1 housekeeper] com.zaxxer.hikari.pool.HikariPool        : HikariPool-1 - Fill pool skipped, pool has sufficient level or currently being filled.
2024-12-14T00:26:35.294+01:00 DEBUG 25392 --- [HikariPool-1 housekeeper] com.zaxxer.hikari.pool.HikariPool        : HikariPool-1 - Pool stats (total=10, active=0, idle=10, waiting=0)
2024-12-14T00:26:35.294+01:00 DEBUG 25392 --- [HikariPool-1 housekeeper] com.zaxxer.hikari.pool.HikariPool        : HikariPool-1 - Fill pool skipped, pool has sufficient level or currently being filled.
2024-12-14T00:27:05.303+01:00 DEBUG 25392 --- [HikariPool-1 housekeeper] com.zaxxer.hikari.pool.HikariPool        : HikariPool-1 - Pool stats (total=10, active=0, idle=10, waiting=0)
2024-12-14T00:27:05.303+01:00 DEBUG 25392 --- [HikariPool-1 housekeeper] com.zaxxer.hikari.pool.HikariPool        : HikariPool-1 - Fill pool skipped, pool has sufficient level or currently being filled.
2024-12-14T00:27:30.646+01:00  INFO 25392 --- [MessageBroker-1] o.s.w.s.c.WebSocketMessageBrokerStats    : WebSocketSession[0 current WS(0)-HttpStream(0)-HttpPoll(0), 0 total, 0 closed abnormally (0 connect failure, 0 send limit, 0 transport error)], stompSubProtocol[processed CONNECT(0)-CONNECTED(0)-DISCONNECT(0)], stompBrokerRelay[null], inboundChannel[pool size = 0, active threads = 0, queued tasks = 0, completed tasks = 0], outboundChannel[pool size = 0, active threads = 0, queued tasks = 0, completed tasks = 0], sockJsScheduler[pool size = 16, active threads = 1, queued tasks = 0, completed tasks = 23]
2024-12-14T00:27:35.309+01:00 DEBUG 25392 --- [HikariPool-1 housekeeper] com.zaxxer.hikari.pool.HikariPool        : HikariPool-1 - Pool stats (total=10, active=0, idle=10, waiting=0)
2024-12-14T00:27:35.309+01:00 DEBUG 25392 --- [HikariPool-1 housekeeper] com.zaxxer.hikari.pool.HikariPool        : HikariPool-1 - Fill pool skipped, pool has sufficient level or currently being filled.
2024-12-14T00:28:05.314+01:00 DEBUG 25392 --- [HikariPool-1 housekeeper] com.zaxxer.hikari.pool.HikariPool        : HikariPool-1 - Pool stats (total=10, active=0, idle=10, waiting=0)
2024-12-14T00:28:05.314+01:00 DEBUG 25392 --- [HikariPool-1 housekeeper] com.zaxxer.hikari.pool.HikariPool        : HikariPool-1 - Fill pool skipped, pool has sufficient level or currently being filled.
2024-12-14T00:28:35.322+01:00 DEBUG 25392 --- [HikariPool-1 housekeeper] com.zaxxer.hikari.pool.HikariPool        : HikariPool-1 - Pool stats (total=10, active=0, idle=10, waiting=0)
2024-12-14T00:28:35.322+01:00 DEBUG 25392 --- [HikariPool-1 housekeeper] com.zaxxer.hikari.pool.HikariPool        : HikariPool-1 - Fill pool skipped, pool has sufficient level or currently being filled.
2024-12-14T00:29:05.337+01:00 DEBUG 25392 --- [HikariPool-1 housekeeper] com.zaxxer.hikari.pool.HikariPool        : HikariPool-1 - Pool stats (total=10, active=0, idle=10, waiting=0)
2024-12-14T00:29:05.337+01:00 DEBUG 25392 --- [HikariPool-1 housekeeper] com.zaxxer.hikari.pool.HikariPool        : HikariPool-1 - Fill pool skipped, pool has sufficient level or currently being filled.
2024-12-14T00:29:29.130+01:00 DEBUG 25392 --- [SpringApplicationShutdownHook] o.s.b.a.ApplicationAvailabilityBean      : Application availability state ReadinessState changed from ACCEPTING_TRAFFIC to REFUSING_TRAFFIC
2024-12-14T00:29:29.133+01:00 DEBUG 25392 --- [SpringApplicationShutdownHook] ConfigServletWebServerApplicationContext : Closing org.springframework.boot.web.servlet.context.AnnotationConfigServletWebServerApplicationContext@1e097d59, started on Fri Dec 13 12:56:20 CET 2024
2024-12-14T00:29:29.191+01:00 DEBUG 25392 --- [SpringApplicationShutdownHook] o.s.c.support.DefaultLifecycleProcessor  : Stopping beans in phase 2147483647
2024-12-14T00:29:29.197+01:00 DEBUG 25392 --- [SpringApplicationShutdownHook] o.s.c.support.DefaultLifecycleProcessor  : Bean 'stompWebSocketHandlerMapping' completed its stop procedure
2024-12-14T00:29:29.199+01:00 DEBUG 25392 --- [SpringApplicationShutdownHook] o.s.m.s.ExecutorSubscribableChannel      : clientOutboundChannel removed SubProtocolWebSocketHandler[StompSubProtocolHandler[v10.stomp, v11.stomp, v12.stomp]]
2024-12-14T00:29:29.199+01:00 DEBUG 25392 --- [SpringApplicationShutdownHook] o.s.c.support.DefaultLifecycleProcessor  : Bean 'subProtocolWebSocketHandler' completed its stop procedure
2024-12-14T00:29:29.199+01:00 DEBUG 25392 --- [SpringApplicationShutdownHook] o.s.c.support.DefaultLifecycleProcessor  : Bean 'clientInboundChannelExecutor' completed its stop procedure
2024-12-14T00:29:29.199+01:00 DEBUG 25392 --- [SpringApplicationShutdownHook] o.s.c.support.DefaultLifecycleProcessor  : Bean 'clientOutboundChannelExecutor' completed its stop procedure
2024-12-14T00:29:29.199+01:00 DEBUG 25392 --- [SpringApplicationShutdownHook] o.s.c.support.DefaultLifecycleProcessor  : Bean 'brokerChannelExecutor' completed its stop procedure
2024-12-14T00:29:29.200+01:00 DEBUG 25392 --- [SpringApplicationShutdownHook] o.s.m.s.ExecutorSubscribableChannel      : clientInboundChannel removed WebSocketAnnotationMethodMessageHandler[prefixes=[/app/]]
2024-12-14T00:29:29.200+01:00 DEBUG 25392 --- [SpringApplicationShutdownHook] o.s.c.support.DefaultLifecycleProcessor  : Bean 'simpAnnotationMethodMessageHandler' completed its stop procedure
2024-12-14T00:29:29.200+01:00  INFO 25392 --- [SpringApplicationShutdownHook] o.s.m.s.b.SimpleBrokerMessageHandler     : Stopping...
2024-12-14T00:29:29.200+01:00  INFO 25392 --- [SpringApplicationShutdownHook] o.s.m.s.b.SimpleBrokerMessageHandler     : BrokerAvailabilityEvent[available=false, SimpleBrokerMessageHandler [org.springframework.messaging.simp.broker.DefaultSubscriptionRegistry@435ec7f5]]
2024-12-14T00:29:29.201+01:00 DEBUG 25392 --- [SpringApplicationShutdownHook] o.s.m.s.ExecutorSubscribableChannel      : clientInboundChannel removed SimpleBrokerMessageHandler [org.springframework.messaging.simp.broker.DefaultSubscriptionRegistry@435ec7f5]
2024-12-14T00:29:29.201+01:00 DEBUG 25392 --- [SpringApplicationShutdownHook] o.s.m.s.ExecutorSubscribableChannel      : brokerChannel removed SimpleBrokerMessageHandler [org.springframework.messaging.simp.broker.DefaultSubscriptionRegistry@435ec7f5]
2024-12-14T00:29:29.201+01:00  INFO 25392 --- [SpringApplicationShutdownHook] o.s.m.s.b.SimpleBrokerMessageHandler     : Stopped.
2024-12-14T00:29:29.201+01:00 DEBUG 25392 --- [SpringApplicationShutdownHook] o.s.c.support.DefaultLifecycleProcessor  : Bean 'simpleBrokerMessageHandler' completed its stop procedure
2024-12-14T00:29:29.201+01:00 DEBUG 25392 --- [SpringApplicationShutdownHook] o.s.m.s.ExecutorSubscribableChannel      : clientInboundChannel removed UserDestinationMessageHandler[DefaultUserDestinationResolver[prefix=/user/]]
2024-12-14T00:29:29.201+01:00 DEBUG 25392 --- [SpringApplicationShutdownHook] o.s.m.s.ExecutorSubscribableChannel      : brokerChannel removed UserDestinationMessageHandler[DefaultUserDestinationResolver[prefix=/user/]]
2024-12-14T00:29:29.201+01:00 DEBUG 25392 --- [SpringApplicationShutdownHook] o.s.c.support.DefaultLifecycleProcessor  : Bean 'userDestinationMessageHandler' completed its stop procedure
2024-12-14T00:29:29.201+01:00 DEBUG 25392 --- [SpringApplicationShutdownHook] o.s.c.support.DefaultLifecycleProcessor  : Stopping beans in phase 2147482623
2024-12-14T00:29:29.213+01:00 DEBUG 25392 --- [SpringApplicationShutdownHook] o.s.c.support.DefaultLifecycleProcessor  : Bean 'webServerGracefulShutdown' completed its stop procedure
2024-12-14T00:29:29.213+01:00 DEBUG 25392 --- [SpringApplicationShutdownHook] o.s.c.support.DefaultLifecycleProcessor  : Stopping beans in phase 2147481599
2024-12-14T00:29:29.393+01:00 DEBUG 25392 --- [SpringApplicationShutdownHook] o.s.c.support.DefaultLifecycleProcessor  : Bean 'webServerStartStop' completed its stop procedure
2024-12-14T00:29:29.393+01:00 DEBUG 25392 --- [SpringApplicationShutdownHook] o.s.c.support.DefaultLifecycleProcessor  : Stopping beans in phase -2147483647
2024-12-14T00:29:29.394+01:00 DEBUG 25392 --- [SpringApplicationShutdownHook] o.s.c.support.DefaultLifecycleProcessor  : Bean 'springBootLoggingLifecycle' completed its stop procedure
2024-12-14T00:29:29.402+01:00 DEBUG 25392 --- [SpringApplicationShutdownHook] o.s.s.c.ThreadPoolTaskScheduler          : Shutting down ExecutorService 'messageBrokerTaskScheduler'
2024-12-14T00:29:29.402+01:00 DEBUG 25392 --- [SpringApplicationShutdownHook] o.s.s.concurrent.ThreadPoolTaskExecutor  : Shutting down ExecutorService 'brokerChannelExecutor'
2024-12-14T00:29:29.403+01:00 DEBUG 25392 --- [SpringApplicationShutdownHook] o.s.s.concurrent.ThreadPoolTaskExecutor  : Shutting down ExecutorService 'clientOutboundChannelExecutor'
2024-12-14T00:29:29.403+01:00 DEBUG 25392 --- [SpringApplicationShutdownHook] o.s.s.concurrent.ThreadPoolTaskExecutor  : Shutting down ExecutorService 'clientInboundChannelExecutor'
2024-12-14T00:29:29.404+01:00  INFO 25392 --- [SpringApplicationShutdownHook] j.LocalContainerEntityManagerFactoryBean : Closing JPA EntityManagerFactory for persistence unit 'default'
2024-12-14T00:29:29.407+01:00 DEBUG 25392 --- [SpringApplicationShutdownHook] o.hibernate.internal.SessionFactoryImpl  : HHH000031: Closing
2024-12-14T00:29:29.423+01:00 DEBUG 25392 --- [SpringApplicationShutdownHook] o.h.type.spi.TypeConfiguration$Scope     : Un-scoping TypeConfiguration [org.hibernate.type.spi.TypeConfiguration$Scope@d96492c] from SessionFactory [org.hibernate.internal.SessionFactoryImpl@611f28f5]
2024-12-14T00:29:29.425+01:00 DEBUG 25392 --- [SpringApplicationShutdownHook] o.h.s.i.AbstractServiceRegistryImpl      : Implicitly destroying ServiceRegistry on de-registration of all child ServiceRegistries
2024-12-14T00:29:29.434+01:00 DEBUG 25392 --- [SpringApplicationShutdownHook] o.h.b.r.i.BootstrapServiceRegistryImpl   : Implicitly destroying Boot-strap registry on de-registration of all child ServiceRegistries
2024-12-14T00:29:29.435+01:00  INFO 25392 --- [SpringApplicationShutdownHook] com.zaxxer.hikari.HikariDataSource       : HikariPool-1 - Shutdown initiated...
2024-12-14T00:29:29.435+01:00 DEBUG 25392 --- [SpringApplicationShutdownHook] com.zaxxer.hikari.pool.HikariPool        : HikariPool-1 - Before shutdown stats (total=10, active=0, idle=10, waiting=0)
2024-12-14T00:29:29.439+01:00 DEBUG 25392 --- [HikariPool-1 connection closer] com.zaxxer.hikari.pool.PoolBase          : HikariPool-1 - Closing connection com.mysql.cj.jdbc.ConnectionImpl@159ce441: (connection evicted)
2024-12-14T00:29:29.440+01:00 DEBUG 25392 --- [HikariPool-1 connection closer] com.zaxxer.hikari.pool.PoolBase          : HikariPool-1 - Closing connection com.mysql.cj.jdbc.ConnectionImpl@d7ef299: (connection evicted)
2024-12-14T00:29:29.440+01:00 DEBUG 25392 --- [HikariPool-1 connection closer] com.zaxxer.hikari.pool.PoolBase          : HikariPool-1 - Closing connection com.mysql.cj.jdbc.ConnectionImpl@449ba2f6: (connection evicted)
2024-12-14T00:29:29.440+01:00 DEBUG 25392 --- [HikariPool-1 connection closer] com.zaxxer.hikari.pool.PoolBase          : HikariPool-1 - Closing connection com.mysql.cj.jdbc.ConnectionImpl@4ccfe7f8: (connection evicted)
2024-12-14T00:29:29.440+01:00 DEBUG 25392 --- [HikariPool-1 connection closer] com.zaxxer.hikari.pool.PoolBase          : HikariPool-1 - Closing connection com.mysql.cj.jdbc.ConnectionImpl@5e17c401: (connection evicted)
2024-12-14T00:29:29.441+01:00 DEBUG 25392 --- [HikariPool-1 connection closer] com.zaxxer.hikari.pool.PoolBase          : HikariPool-1 - Closing connection com.mysql.cj.jdbc.ConnectionImpl@5e0e6a55: (connection evicted)
2024-12-14T00:29:29.441+01:00 DEBUG 25392 --- [HikariPool-1 connection closer] com.zaxxer.hikari.pool.PoolBase          : HikariPool-1 - Closing connection com.mysql.cj.jdbc.ConnectionImpl@669caaf8: (connection evicted)
2024-12-14T00:29:29.441+01:00 DEBUG 25392 --- [HikariPool-1 connection closer] com.zaxxer.hikari.pool.PoolBase          : HikariPool-1 - Closing connection com.mysql.cj.jdbc.ConnectionImpl@373ada1c: (connection evicted)
2024-12-14T00:29:29.442+01:00 DEBUG 25392 --- [HikariPool-1 connection closer] com.zaxxer.hikari.pool.PoolBase          : HikariPool-1 - Closing connection com.mysql.cj.jdbc.ConnectionImpl@5d38b20a: (connection evicted)
2024-12-14T00:29:29.443+01:00 DEBUG 25392 --- [HikariPool-1 connection closer] com.zaxxer.hikari.pool.PoolBase          : HikariPool-1 - Closing connection com.mysql.cj.jdbc.ConnectionImpl@c360e98: (connection evicted)
2024-12-14T00:29:29.444+01:00 DEBUG 25392 --- [SpringApplicationShutdownHook] com.zaxxer.hikari.pool.HikariPool        : HikariPool-1 - After shutdown stats (total=0, active=0, idle=0, waiting=0)
2024-12-14T00:29:29.444+01:00  INFO 25392 --- [SpringApplicationShutdownHook] com.zaxxer.hikari.HikariDataSource       : HikariPool-1 - Shutdown completed.
